tae is goin for it on ig
test shit was saved, unpickling now! taetae :D boxy smile!
test shit was saved, unpickling now! taetae :D boxy smile!
Everything prepared. Ready to train...
######### EPOCH 0 ##########
ilu yoongi
Training 0/3-th group...
epoch 0 loss 0.8595728476842245 discrim loss 1.4732852379480998
Testing 0/1-th group...
epoch 0 loss 75.17273712158203
######### EPOCH 1 ##########
ilu yoongi
Training 0/3-th group...
epoch 1 loss 0.7169441978136698 discrim loss 1.4350183010101318
######### EPOCH 2 ##########
ilu yoongi
Training 0/3-th group...
epoch 2 loss 0.6410463253657023 discrim loss 1.3970987399419148
######### EPOCH 3 ##########
ilu yoongi
Training 0/3-th group...
epoch 3 loss 0.5807255307833353 discrim loss 1.3640159765879314
######### EPOCH 4 ##########
ilu yoongi
Training 0/3-th group...
epoch 4 loss 0.508197287718455 discrim loss 1.3357447385787964
######### EPOCH 5 ##########
ilu yoongi
Training 0/3-th group...
epoch 5 loss 0.429347425699234 discrim loss 1.3177361885706584
######### EPOCH 6 ##########
ilu yoongi
Training 0/3-th group...
epoch 6 loss 0.3757203320662181 discrim loss 1.3120739857355754
######### EPOCH 7 ##########
ilu yoongi
Training 0/3-th group...
epoch 7 loss 0.3169245521227519 discrim loss 1.2882990837097168
######### EPOCH 8 ##########
ilu yoongi
Training 0/3-th group...
epoch 8 loss 0.27759350339571637 discrim loss 1.2648981014887493
######### EPOCH 9 ##########
ilu yoongi
Training 0/3-th group...
epoch 9 loss 0.2504554142554601 discrim loss 1.2487259705861409
######### EPOCH 10 ##########
ilu yoongi
Training 0/3-th group...
epoch 10 loss 0.2278543015321096 discrim loss 1.2306442658106487
Testing 0/1-th group...
epoch 10 loss 0.2368394285440445
######### EPOCH 11 ##########
ilu yoongi
Training 0/3-th group...
