tae is goin for it on ig
Everything prepared. Ready to train...
######### EPOCH 0 ##########
ilu yoongi
Training 0/55-th group...
Training 10/55-th group...
Training 20/55-th group...
Training 30/55-th group...
Training 40/55-th group...
Training 50/55-th group...
epoch 0 loss 14.191017356785862 discrim loss 1.0807647813450207
Testing 0/38-th group...
Testing 1/38-th group...
Testing 2/38-th group...
Testing 3/38-th group...
Testing 4/38-th group...
Testing 5/38-th group...
Testing 6/38-th group...
Testing 7/38-th group...
Testing 8/38-th group...
Testing 9/38-th group...
Testing 10/38-th group...
Testing 11/38-th group...
Testing 12/38-th group...
Testing 13/38-th group...
Testing 14/38-th group...
Testing 15/38-th group...
Testing 16/38-th group...
Testing 17/38-th group...
Testing 18/38-th group...
Testing 19/38-th group...
Testing 20/38-th group...
Testing 21/38-th group...
Testing 22/38-th group...
Testing 23/38-th group...
Testing 24/38-th group...
Testing 25/38-th group...
Testing 26/38-th group...
Testing 27/38-th group...
Testing 28/38-th group...
Testing 29/38-th group...
Testing 30/38-th group...
Testing 31/38-th group...
Testing 32/38-th group...
Testing 33/38-th group...
Testing 34/38-th group...
Testing 35/38-th group...
Testing 36/38-th group...
Testing 37/38-th group...
epoch 0 loss 0.09591471541084741
######### EPOCH 1 ##########
ilu yoongi
Training 0/55-th group...
Training 10/55-th group...
Training 20/55-th group...
Training 30/55-th group...
Training 40/55-th group...
Training 50/55-th group...
epoch 1 loss 13.837352965094826 discrim loss 1.0103049755096436
######### EPOCH 2 ##########
ilu yoongi
Training 0/55-th group...
Training 10/55-th group...
Training 20/55-th group...
Training 30/55-th group...
Training 40/55-th group...
Training 50/55-th group...
epoch 2 loss 14.309793972969056 discrim loss 1.0077929518439552
######### EPOCH 3 ##########
ilu yoongi
Training 0/55-th group...
Training 10/55-th group...
Training 20/55-th group...
Training 30/55-th group...
Training 40/55-th group...
Training 50/55-th group...
epoch 3 loss 14.30133227001537 discrim loss 1.0195580460808493
######### EPOCH 4 ##########
ilu yoongi
Training 0/55-th group...
Training 10/55-th group...
Training 20/55-th group...
Training 30/55-th group...
Training 40/55-th group...
Training 50/55-th group...
epoch 4 loss 13.055747808109631 discrim loss 1.0073528896678579
######### EPOCH 5 ##########
ilu yoongi
Training 0/55-th group...
Training 10/55-th group...
Training 20/55-th group...
Training 30/55-th group...
Training 40/55-th group...
Training 50/55-th group...
epoch 5 loss 12.55249778140675 discrim loss 1.0069266037507492
######### EPOCH 6 ##########
ilu yoongi
Training 0/55-th group...
Training 10/55-th group...
Training 20/55-th group...
Training 30/55-th group...
Training 40/55-th group...
Training 50/55-th group...
epoch 6 loss 12.06703360080719 discrim loss 1.006773643060164
######### EPOCH 7 ##########
ilu yoongi
Training 0/55-th group...
Training 10/55-th group...
Training 20/55-th group...
Training 30/55-th group...
Training 40/55-th group...
Training 50/55-th group...
epoch 7 loss 11.859733887152238 discrim loss 1.006694256175648
######### EPOCH 8 ##########
ilu yoongi
Training 0/55-th group...
Training 10/55-th group...
Training 20/55-th group...
Training 30/55-th group...
Training 40/55-th group...
Training 50/55-th group...
epoch 8 loss 11.538052537224509 discrim loss 1.006645334850658
######### EPOCH 9 ##########
ilu yoongi
Training 0/55-th group...
Training 10/55-th group...
Training 20/55-th group...
Training 30/55-th group...
Training 40/55-th group...
Training 50/55-th group...
epoch 9 loss 11.508027971874585 discrim loss 1.0066144032911821
######### EPOCH 10 ##########
ilu yoongi
Training 0/55-th group...
Training 10/55-th group...
Training 20/55-th group...
Training 30/55-th group...
Training 40/55-th group...
Training 50/55-th group...
epoch 10 loss 10.936662663112987 discrim loss 1.0065849087455057
Testing 0/38-th group...
Testing 1/38-th group...
Testing 2/38-th group...
Testing 3/38-th group...
Testing 4/38-th group...
Testing 5/38-th group...
Testing 6/38-th group...
Testing 7/38-th group...
Testing 8/38-th group...
Testing 9/38-th group...
Testing 10/38-th group...
Testing 11/38-th group...
Testing 12/38-th group...
Testing 13/38-th group...
Testing 14/38-th group...
Testing 15/38-th group...
Testing 16/38-th group...
Testing 17/38-th group...
Testing 18/38-th group...
Testing 19/38-th group...
Testing 20/38-th group...
Testing 21/38-th group...
Testing 22/38-th group...
Testing 23/38-th group...
Testing 24/38-th group...
Testing 25/38-th group...
Testing 26/38-th group...
Testing 27/38-th group...
Testing 28/38-th group...
Testing 29/38-th group...
Testing 30/38-th group...
Testing 31/38-th group...
Testing 32/38-th group...
Testing 33/38-th group...
Testing 34/38-th group...
Testing 35/38-th group...
Testing 36/38-th group...
Testing 37/38-th group...
epoch 10 loss 0.022168070077896118
######### EPOCH 11 ##########
ilu yoongi
Training 0/55-th group...
Training 10/55-th group...
Training 20/55-th group...
Training 30/55-th group...
Training 40/55-th group...
Training 50/55-th group...
epoch 11 loss 11.090052611177617 discrim loss 1.0065562161532315
######### EPOCH 12 ##########
ilu yoongi
Training 0/55-th group...
Training 10/55-th group...
Training 20/55-th group...
Training 30/55-th group...
Training 40/55-th group...
Training 50/55-th group...
epoch 12 loss 10.900974080779335 discrim loss 1.0065340107137506
######### EPOCH 13 ##########
ilu yoongi
Training 0/55-th group...
Training 10/55-th group...
Training 20/55-th group...
Training 30/55-th group...
Training 40/55-th group...
Training 50/55-th group...
epoch 13 loss 10.563247182152487 discrim loss 1.0065212423151189
######### EPOCH 14 ##########
ilu yoongi
Training 0/55-th group...
Training 10/55-th group...
Training 20/55-th group...
Training 30/55-th group...
Training 40/55-th group...
Training 50/55-th group...
epoch 14 loss 10.50618057901209 discrim loss 1.0065109079534358
######### EPOCH 15 ##########
ilu yoongi
Training 0/55-th group...
Training 10/55-th group...
Training 20/55-th group...
Training 30/55-th group...
Training 40/55-th group...
Training 50/55-th group...
epoch 15 loss 10.558277221159502 discrim loss 1.0064996697685935
######### EPOCH 16 ##########
ilu yoongi
Training 0/55-th group...
Training 10/55-th group...
Training 20/55-th group...
Training 30/55-th group...
Training 40/55-th group...
Training 50/55-th group...
epoch 16 loss 10.39285386692394 discrim loss 1.0064926125786522
######### EPOCH 17 ##########
ilu yoongi
Training 0/55-th group...
Training 10/55-th group...
Training 20/55-th group...
Training 30/55-th group...
Training 40/55-th group...
Training 50/55-th group...
epoch 17 loss 9.958533479950646 discrim loss 1.0064850308678366
######### EPOCH 18 ##########
ilu yoongi
Training 0/55-th group...
Training 10/55-th group...
Training 20/55-th group...
Training 30/55-th group...
Training 40/55-th group...
Training 50/55-th group...
epoch 18 loss 10.02275333404541 discrim loss 1.0064783638173884
######### EPOCH 19 ##########
ilu yoongi
Training 0/55-th group...
Training 10/55-th group...
Training 20/55-th group...
Training 30/55-th group...
Training 40/55-th group...
Training 50/55-th group...
epoch 19 loss 9.826609589836814 discrim loss 1.0064734242179176
######### EPOCH 20 ##########
ilu yoongi
Training 0/55-th group...
Training 10/55-th group...
Training 20/55-th group...
Training 30/55-th group...
Training 40/55-th group...
Training 50/55-th group...
epoch 20 loss 9.683502453023737 discrim loss 1.00646981976249
Testing 0/38-th group...
Testing 1/38-th group...
Testing 2/38-th group...
Testing 3/38-th group...
Testing 4/38-th group...
Testing 5/38-th group...
Testing 6/38-th group...
Testing 7/38-th group...
Testing 8/38-th group...
Testing 9/38-th group...
Testing 10/38-th group...
Testing 11/38-th group...
Testing 12/38-th group...
Testing 13/38-th group...
Testing 14/38-th group...
Testing 15/38-th group...
Testing 16/38-th group...
Testing 17/38-th group...
Testing 18/38-th group...
Testing 19/38-th group...
Testing 20/38-th group...
Testing 21/38-th group...
Testing 22/38-th group...
Testing 23/38-th group...
Testing 24/38-th group...
Testing 25/38-th group...
Testing 26/38-th group...
Testing 27/38-th group...
Testing 28/38-th group...
Testing 29/38-th group...
Testing 30/38-th group...
Testing 31/38-th group...
Testing 32/38-th group...
Testing 33/38-th group...
Testing 34/38-th group...
Testing 35/38-th group...
Testing 36/38-th group...
Testing 37/38-th group...
epoch 20 loss 0.016449682573836884
######### EPOCH 21 ##########
ilu yoongi
Training 0/55-th group...
Training 10/55-th group...
Training 20/55-th group...
Training 30/55-th group...
Training 40/55-th group...
Training 50/55-th group...
epoch 21 loss 9.611957862160423 discrim loss 1.0064668568697843
######### EPOCH 22 ##########
ilu yoongi
Training 0/55-th group...
Training 10/55-th group...
Training 20/55-th group...
Training 30/55-th group...
Training 40/55-th group...
Training 50/55-th group...
epoch 22 loss 9.605712147192522 discrim loss 1.0064592946659434
######### EPOCH 23 ##########
ilu yoongi
Training 0/55-th group...
Training 10/55-th group...
Training 20/55-th group...
Training 30/55-th group...
Training 40/55-th group...
Training 50/55-th group...
epoch 23 loss 9.420666698975996 discrim loss 1.0064556555314497
######### EPOCH 24 ##########
ilu yoongi
Training 0/55-th group...
Training 10/55-th group...
Training 20/55-th group...
Training 30/55-th group...
Training 40/55-th group...
Training 50/55-th group...
epoch 24 loss 9.170571706511758 discrim loss 1.0064555601640182
######### EPOCH 25 ##########
ilu yoongi
Training 0/55-th group...
Training 10/55-th group...
Training 20/55-th group...
Training 30/55-th group...
Training 40/55-th group...
Training 50/55-th group...
epoch 25 loss 8.984800915284591 discrim loss 1.0064531803131103
######### EPOCH 26 ##########
ilu yoongi
Training 0/55-th group...
Training 10/55-th group...
Training 20/55-th group...
Training 30/55-th group...
Training 40/55-th group...
Training 50/55-th group...
epoch 26 loss 9.087223122336647 discrim loss 1.0064474235881458
######### EPOCH 27 ##########
ilu yoongi
Training 0/55-th group...
Training 10/55-th group...
Training 20/55-th group...
Training 30/55-th group...
Training 40/55-th group...
Training 50/55-th group...
epoch 27 loss 8.925796129486777 discrim loss 1.0064436890862205
######### EPOCH 28 ##########
ilu yoongi
Training 0/55-th group...
Training 10/55-th group...
Training 20/55-th group...
Training 30/55-th group...
Training 40/55-th group...
Training 50/55-th group...
epoch 28 loss 8.778752959858288 discrim loss 1.0064425641840153
######### EPOCH 29 ##########
ilu yoongi
Training 0/55-th group...
Training 10/55-th group...
Training 20/55-th group...
Training 30/55-th group...
Training 40/55-th group...
Training 50/55-th group...
epoch 29 loss 8.50607844916257 discrim loss 1.0064413092353128
######### EPOCH 30 ##########
ilu yoongi
Training 0/55-th group...
Training 10/55-th group...
Training 20/55-th group...
Training 30/55-th group...
Training 40/55-th group...
Training 50/55-th group...
epoch 30 loss 8.47427752234719 discrim loss 1.006440858407454
Testing 0/38-th group...
Testing 1/38-th group...
Testing 2/38-th group...
Testing 3/38-th group...
Testing 4/38-th group...
Testing 5/38-th group...
Testing 6/38-th group...
Testing 7/38-th group...
Testing 8/38-th group...
Testing 9/38-th group...
Testing 10/38-th group...
Testing 11/38-th group...
Testing 12/38-th group...
Testing 13/38-th group...
Testing 14/38-th group...
Testing 15/38-th group...
Testing 16/38-th group...
Testing 17/38-th group...
Testing 18/38-th group...
Testing 19/38-th group...
Testing 20/38-th group...
Testing 21/38-th group...
Testing 22/38-th group...
Testing 23/38-th group...
Testing 24/38-th group...
Testing 25/38-th group...
Testing 26/38-th group...
Testing 27/38-th group...
Testing 28/38-th group...
Testing 29/38-th group...
Testing 30/38-th group...
Testing 31/38-th group...
Testing 32/38-th group...
Testing 33/38-th group...
Testing 34/38-th group...
Testing 35/38-th group...
Testing 36/38-th group...
Testing 37/38-th group...
epoch 30 loss 0.014560072891120063
######### EPOCH 31 ##########
ilu yoongi
Training 0/55-th group...
Training 10/55-th group...
Training 20/55-th group...
Training 30/55-th group...
Training 40/55-th group...
Training 50/55-th group...
epoch 31 loss 8.51399369023063 discrim loss 1.0064375487240877
######### EPOCH 32 ##########
ilu yoongi
Training 0/55-th group...
Training 10/55-th group...
Training 20/55-th group...
Training 30/55-th group...
Training 40/55-th group...
Training 50/55-th group...
epoch 32 loss 8.251611046357588 discrim loss 1.0064366427334872
######### EPOCH 33 ##########
ilu yoongi
Training 0/55-th group...
Training 10/55-th group...
Training 20/55-th group...
Training 30/55-th group...
Training 40/55-th group...
Training 50/55-th group...
epoch 33 loss 8.227770037000829 discrim loss 1.0064378716728903
######### EPOCH 34 ##########
ilu yoongi
Training 0/55-th group...
Training 10/55-th group...
Training 20/55-th group...
Training 30/55-th group...
Training 40/55-th group...
Training 50/55-th group...
epoch 34 loss 8.066021102124994 discrim loss 1.0064351710406216
######### EPOCH 35 ##########
ilu yoongi
Training 0/55-th group...
Training 10/55-th group...
Training 20/55-th group...
Training 30/55-th group...
Training 40/55-th group...
Training 50/55-th group...
epoch 35 loss 7.987901525063948 discrim loss 1.0064336169849744
######### EPOCH 36 ##########
ilu yoongi
Training 0/55-th group...
Training 10/55-th group...
Training 20/55-th group...
Training 30/55-th group...
Training 40/55-th group...
Training 50/55-th group...
epoch 36 loss 7.921422312476418 discrim loss 1.0064313845200972
######### EPOCH 37 ##########
ilu yoongi
Training 0/55-th group...
Training 10/55-th group...
Training 20/55-th group...
Training 30/55-th group...
Training 40/55-th group...
Training 50/55-th group...
epoch 37 loss 7.915630317818035 discrim loss 1.0064300125295467
######### EPOCH 38 ##########
ilu yoongi
Training 0/55-th group...
Training 10/55-th group...
Training 20/55-th group...
Training 30/55-th group...
Training 40/55-th group...
Training 50/55-th group...
epoch 38 loss 7.682804521647367 discrim loss 1.0064287749203769
######### EPOCH 39 ##########
ilu yoongi
Training 0/55-th group...
Training 10/55-th group...
Training 20/55-th group...
Training 30/55-th group...
Training 40/55-th group...
Training 50/55-th group...
epoch 39 loss 7.755721675265919 discrim loss 1.0064278754321012
######### EPOCH 40 ##########
ilu yoongi
Training 0/55-th group...
Training 10/55-th group...
Training 20/55-th group...
Training 30/55-th group...
Training 40/55-th group...
Training 50/55-th group...
epoch 40 loss 7.734387144175443 discrim loss 1.0064272078600798
Testing 0/38-th group...
Testing 1/38-th group...
Testing 2/38-th group...
Testing 3/38-th group...
Testing 4/38-th group...
Testing 5/38-th group...
Testing 6/38-th group...
Testing 7/38-th group...
Testing 8/38-th group...
Testing 9/38-th group...
Testing 10/38-th group...
Testing 11/38-th group...
Testing 12/38-th group...
Testing 13/38-th group...
Testing 14/38-th group...
Testing 15/38-th group...
Testing 16/38-th group...
Testing 17/38-th group...
Testing 18/38-th group...
Testing 19/38-th group...
Testing 20/38-th group...
Testing 21/38-th group...
Testing 22/38-th group...
Testing 23/38-th group...
Testing 24/38-th group...
Testing 25/38-th group...
Testing 26/38-th group...
Testing 27/38-th group...
Testing 28/38-th group...
Testing 29/38-th group...
Testing 30/38-th group...
Testing 31/38-th group...
Testing 32/38-th group...
Testing 33/38-th group...
Testing 34/38-th group...
Testing 35/38-th group...
Testing 36/38-th group...
Testing 37/38-th group...
epoch 40 loss 0.013281642447078698
######### EPOCH 41 ##########
ilu yoongi
Training 0/55-th group...
Training 10/55-th group...
Training 20/55-th group...
Training 30/55-th group...
Training 40/55-th group...
Training 50/55-th group...
epoch 41 loss 7.584714357419448 discrim loss 1.0064262823625045
######### EPOCH 42 ##########
ilu yoongi
Training 0/55-th group...
Training 10/55-th group...
Training 20/55-th group...
Training 30/55-th group...
Training 40/55-th group...
Training 50/55-th group...
epoch 42 loss 7.555287765372883 discrim loss 1.0064255887811835
######### EPOCH 43 ##########
ilu yoongi
Training 0/55-th group...
Training 10/55-th group...
Training 20/55-th group...
Training 30/55-th group...
Training 40/55-th group...
Training 50/55-th group...
epoch 43 loss 7.567841432311318 discrim loss 1.0064246567812833
######### EPOCH 44 ##########
ilu yoongi
Training 0/55-th group...
Training 10/55-th group...
Training 20/55-th group...
Training 30/55-th group...
Training 40/55-th group...
Training 50/55-th group...
epoch 44 loss 7.549781177260659 discrim loss 1.0064239501953125
######### EPOCH 45 ##########
ilu yoongi
Training 0/55-th group...
Training 10/55-th group...
Training 20/55-th group...
Training 30/55-th group...
Training 40/55-th group...
Training 50/55-th group...
epoch 45 loss 7.5156463232907385 discrim loss 1.006423492865129
######### EPOCH 46 ##########
ilu yoongi
Training 0/55-th group...
Training 10/55-th group...
Training 20/55-th group...
Training 30/55-th group...
Training 40/55-th group...
Training 50/55-th group...
epoch 46 loss 7.488869624788111 discrim loss 1.0064227862791582
######### EPOCH 47 ##########
ilu yoongi
Training 0/55-th group...
Training 10/55-th group...
Training 20/55-th group...
Training 30/55-th group...
Training 40/55-th group...
Training 50/55-th group...
epoch 47 loss 7.47517290873961 discrim loss 1.0064221555536443
######### EPOCH 48 ##########
ilu yoongi
Training 0/55-th group...
Training 10/55-th group...
Training 20/55-th group...
Training 30/55-th group...
Training 40/55-th group...
Training 50/55-th group...
epoch 48 loss 7.469837419553237 discrim loss 1.0064220515164461
######### EPOCH 49 ##########
ilu yoongi
Training 0/55-th group...
Training 10/55-th group...
Training 20/55-th group...
Training 30/55-th group...
Training 40/55-th group...
Training 50/55-th group...
epoch 49 loss 7.4679150082848285 discrim loss 1.0064212387258356

######### RESULTS ###########
LOSS: [14.191017356785862, 13.837352965094826, 14.309793972969056, 14.30133227001537, 13.055747808109631, 12.55249778140675, 12.06703360080719, 11.859733887152238, 11.538052537224509, 11.508027971874585, 10.936662663112987, 11.090052611177617, 10.900974080779335, 10.563247182152487, 10.50618057901209, 10.558277221159502, 10.39285386692394, 9.958533479950646, 10.02275333404541, 9.826609589836814, 9.683502453023737, 9.611957862160423, 9.605712147192522, 9.420666698975996, 9.170571706511758, 8.984800915284591, 9.087223122336647, 8.925796129486777, 8.778752959858288, 8.50607844916257, 8.47427752234719, 8.51399369023063, 8.251611046357588, 8.227770037000829, 8.066021102124994, 7.987901525063948, 7.921422312476418, 7.915630317818035, 7.682804521647367, 7.755721675265919, 7.734387144175443, 7.584714357419448, 7.555287765372883, 7.567841432311318, 7.549781177260659, 7.5156463232907385, 7.488869624788111, 7.47517290873961, 7.469837419553237, 7.4679150082848285]
DISCRIMINATOR LOSS: [6.798672300035303, 1.0103049755096436, 7.093461366133257, 6.857357636365023, 1.0073528896678579, 6.4745460997928275, 5.799155130169608, 1.006694256175648, 5.8800450411709875, 5.567038714885712, 1.0065849087455057, 5.6169572635130445, 5.309898421981118, 1.0065212423151189, 5.335274512117559, 5.1715498003092675, 1.0064926125786522, 4.992544216459447, 4.886930899186567, 1.0064734242179176, 4.9299978516318586, 4.65540645122528, 1.0064592946659434, 4.8759936787865374, 4.344748657941818, 1.0064531803131103, 4.829488695751537, 4.164375989003615, 1.0064425641840153, 4.498676256699995, 3.9099441262808714, 1.0064375487240877, 4.4316088936545635, 3.7557119819250975, 1.0064351710406216, 4.311546146869659, 3.5832087169994007, 1.0064300125295467, 4.142784298008139, 3.4924740254879, 1.0064272078600798, 4.135170432654294, 3.4194481800902974, 1.0064246567812833, 4.138145390965722, 3.3750461860136554, 1.0064227862791582, 4.0845617917451, 3.3669724345207213, 1.0064212387258356]
#############################

